./animation.c:15: MINOR:C-G7
./animation.c:15: MAJOR:C-L1
./animation.c:36: MINOR:C-L6
./animation.c:58: MINOR:C-L6
./animation.h:52: MAJOR:C-F3
./animation.h:62: INFO:C-A3
./cache_cache.c:13: MINOR:C-F8
./cache_cache.c:13: MINOR:C-L2
./cache_cache.c:14: MINOR:C-L6
./cache_cache.c:17: MINOR:C-L3
./cache_cache.c:19: MINOR:C-F8
./cache_cache.c:19: MINOR:C-L2
./cache_cache.c:23: MAJOR:C-F3
./cache_cache.c:24: MINOR:C-L3
./cache_cache.c:28: MINOR:C-F8
./cache_cache.c:28: MINOR:C-L2
./cache_cache.c:32: MAJOR:C-F3
./cache_cache.c:32: MAJOR:C-F4
./cache_cache.c:33: MAJOR:C-F4
./cache_cache.c:33: MINOR:C-L3
./cache_cache.c:34: MAJOR:C-F4
./cache_cache.c:35: MAJOR:C-F4
./cache_cache.c:36: MAJOR:C-F4
./cache_cache.c:36: MAJOR:C-L5
./cache_cache.c:37: MAJOR:C-F4
./cache_cache.c:38: MAJOR:C-F4
./cache_cache.c:38: MINOR:C-F8
./cache_cache.c:38: MINOR:C-L2
./cache_cache.c:39: MAJOR:C-F4
./cache_cache.c:40: MAJOR:C-F4
./cache_cache.c:41: MAJOR:C-F4
./cache_cache.c:42: MAJOR:C-F4
./cache_cache.c:43: MAJOR:C-F4
./cache_cache.c:43: MINOR:C-L3
./cache_cache.c:44: MAJOR:C-F4
./cache_cache.c:45: MAJOR:C-F4
./cache_cache.c:46: MAJOR:C-F4
./cache_cache.c:47: MAJOR:C-F4
./cache_cache.c:47: MINOR:C-F8
./cache_cache.c:47: MINOR:C-L2
./cache_cache.c:48: MAJOR:C-F4
./cache_cache.c:48: MINOR:C-F8
./cache_cache.c:49: MAJOR:C-F4
./cache_cache.c:50: MAJOR:C-F4
./cache_cache.c:51: MAJOR:C-F4
./cache_cache.c:52: MAJOR:C-F4
./cache_cache.c:53: MAJOR:C-F4
./cache_cache.c:53: MINOR:C-L3
./cache_cache.c:54: MAJOR:C-F4
./cache_cache.c:55: MAJOR:C-F4
./cache_cache.c:56: MAJOR:C-F4
./cache_cache.c:57: MAJOR:C-F4
./cache_cache.c:58: MAJOR:C-F4
./cache_cache.c:59: MAJOR:C-F4
./cache_cache.c:59: MINOR:C-L3
./cache_cache.c:60: MAJOR:C-F4
./cache_cache.c:61: MAJOR:C-F4
./cache_cache.c:62: MAJOR:C-F4
./cache_cache.c:63: MAJOR:C-F4
./cache_cache.c:64: MAJOR:C-F4
./cache_cache.c:65: MAJOR:C-F4
./cache_cache.c:65: MINOR:C-L3
./cache_cache.c:66: MAJOR:C-F4
./cache_cache.c:66: MINOR:C-L3
./cache_cache.c:67: MAJOR:C-F4
./cache_cache.c:68: MAJOR:C-F3
./cache_cache.c:68: MAJOR:C-F4
./cache_cache.c:69: MAJOR:C-F4
./cache_cache.c:69: MINOR:C-L3
./cache_cache.c:70: MAJOR:C-F4
./cache_cache.c:71: MAJOR:C-F4
./cache_cache.c:72: MAJOR:C-F4
./cache_cache.c:72: MINOR:C-L3
./cache_cache.c:73: MAJOR:C-F4
./cache_cache.c:73: MINOR:C-L3
./cache_cache.c:74: MAJOR:C-F4
./cache_cache.c:75: MAJOR:C-F3
./cache_cache.c:75: MAJOR:C-F4
./cache_cache.c:76: MAJOR:C-F4
./cache_cache.c:77: MAJOR:C-F4
./cache_cache.c:77: MINOR:C-L3
./cache_cache.c:78: MAJOR:C-F4
./cache_cache.c:79: MAJOR:C-F4
./cache_cache.c:80: MAJOR:C-F4
./cache_cache.c:81: MAJOR:C-F4
./cache_cache.c:81: MINOR:C-L3
./cache_cache.c:82: MAJOR:C-F4
./cache_cache.c:82: MINOR:C-L3
./cache_cache.c:83: MAJOR:C-F4
./cache_cache.c:83: MINOR:C-L3
./cache_cache.c:84: MAJOR:C-F4
./cache_cache.c:85: MAJOR:C-F3
./cache_cache.c:85: MAJOR:C-F4
./cache_cache.c:86: MAJOR:C-F4
./cache_cache.c:87: MAJOR:C-F4
./cache_cache.c:87: MINOR:C-L3
./cache_cache.c:88: MAJOR:C-F4
./cache_cache.c:88: MINOR:C-L3
./cache_cache.c:89: MAJOR:C-F4
./cache_cache.c:90: MAJOR:C-F3
./cache_cache.c:90: MAJOR:C-F4
./cache_cache.c:91: MAJOR:C-F4
./cache_cache.c:91: MINOR:C-L3
./cache_cache.c:92: MAJOR:C-F4
./cache_cache.c:93: MAJOR:C-F4
./cache_cache.c:93: MINOR:C-L3
./cache_cache.c:94: MAJOR:C-F4
./cache_cache.c:95: MAJOR:C-F4
./cache_cache.c:95: MINOR:C-L2
./cache_cache.c:96: MAJOR:C-F4
./cache_cache.c:96: MINOR:C-L2
./cache_cache.c:97: MAJOR:C-F4
./cache_cache.c:98: MAJOR:C-F4
./cache_cache.c:99: MAJOR:C-F4
./cache_cache.c:100: MAJOR:C-F4
./cache_cache.c:101: MAJOR:C-F4
./cache_cache.c:102: MAJOR:C-F4
./cache_cache.c:102: MINOR:C-L6
./cache_cache.c:103: MAJOR:C-F4
./cache_cache.c:104: MAJOR:C-F4
./cache_cache.c:105: MAJOR:C-F4
./cache_cache.c:106: MAJOR:C-F4
./cache_cache.c:106: MINOR:C-L6
./cache_cache.c:107: MAJOR:C-F4
./cache_cache.c:108: MAJOR:C-F4
./cache_cache.c:109: MAJOR:C-F4
./cache_cache.c:110: MAJOR:C-F4
./cache_cache.c:110: MINOR:C-L6
./cache_cache.c:111: MAJOR:C-F4
./cache_cache.c:112: MAJOR:C-F4
./cache_cache.c:113: MAJOR:C-F4
./cache_cache.c:114: MAJOR:C-F4
./cache_cache.c:114: MINOR:C-L6
./cache_cache.c:115: MAJOR:C-F4
./cache_cache.c:116: MAJOR:C-F4
./cache_cache.c:117: MAJOR:C-F4
./cache_cache.c:118: INFO:C-A3
./courir_chambre.c:14: MINOR:C-F8
./courir_chambre.c:14: MINOR:C-L2
./courir_chambre.c:15: MINOR:C-L6
./courir_chambre.c:18: MINOR:C-L3
./courir_chambre.c:20: MINOR:C-F8
./courir_chambre.c:20: MINOR:C-L2
./courir_chambre.c:24: MAJOR:C-F3
./courir_chambre.c:25: MINOR:C-L3
./courir_chambre.c:29: MINOR:C-F8
./courir_chambre.c:33: MAJOR:C-F4
./courir_chambre.c:34: MAJOR:C-F4
./courir_chambre.c:34: MINOR:C-L3
./courir_chambre.c:35: MAJOR:C-F4
./courir_chambre.c:36: MAJOR:C-F4
./courir_chambre.c:37: MAJOR:C-F4
./courir_chambre.c:38: MAJOR:C-F4
./courir_chambre.c:39: MAJOR:C-F4
./courir_chambre.c:40: MAJOR:C-F4
./courir_chambre.c:40: MINOR:C-L3
./courir_chambre.c:41: MAJOR:C-F4
./courir_chambre.c:42: MAJOR:C-F4
./courir_chambre.c:43: MAJOR:C-F4
./courir_chambre.c:44: MAJOR:C-F3
./courir_chambre.c:44: MAJOR:C-F4
./courir_chambre.c:44: MINOR:C-F8
./courir_chambre.c:45: MAJOR:C-F4
./courir_chambre.c:46: MAJOR:C-F4
./courir_chambre.c:46: MINOR:C-L3
./courir_chambre.c:47: MAJOR:C-F4
./courir_chambre.c:47: MINOR:C-L3
./courir_chambre.c:48: MAJOR:C-F4
./courir_chambre.c:49: MAJOR:C-F4
./courir_chambre.c:50: MAJOR:C-F4
./courir_chambre.c:50: MINOR:C-L3
./courir_chambre.c:51: MAJOR:C-F4
./courir_chambre.c:52: MAJOR:C-F4
./courir_chambre.c:52: MINOR:C-L3
./courir_chambre.c:53: MAJOR:C-F4
./courir_chambre.c:54: MAJOR:C-F4
./courir_chambre.c:55: MAJOR:C-F4
./courir_chambre.c:55: MINOR:C-L2
./courir_chambre.c:56: MAJOR:C-F4
./courir_chambre.c:57: MAJOR:C-F4
./courir_chambre.c:58: MAJOR:C-F4
./courir_chambre.c:59: MAJOR:C-F4
./courir_chambre.c:60: MAJOR:C-F4
./courir_chambre.c:61: MAJOR:C-F4
./courir_chambre.c:61: MINOR:C-L6
./courir_chambre.c:62: MAJOR:C-F4
./courir_chambre.c:63: MAJOR:C-F4
./courir_chambre.c:64: MAJOR:C-F4
./courir_chambre.c:65: MAJOR:C-F4
./courir_chambre.c:65: MINOR:C-L6
./courir_chambre.c:66: MAJOR:C-F4
./courir_chambre.c:67: MAJOR:C-F4
./courir_chambre.c:68: MAJOR:C-F4
./courir_chambre.c:69: INFO:C-A3
./courir_couloir.c:14: MINOR:C-F8
./courir_couloir.c:14: MINOR:C-L2
./courir_couloir.c:15: MINOR:C-L6
./courir_couloir.c:18: MINOR:C-L3
./courir_couloir.c:20: MINOR:C-F8
./courir_couloir.c:20: MINOR:C-L2
./courir_couloir.c:24: MAJOR:C-F3
./courir_couloir.c:25: MINOR:C-L3
./courir_couloir.c:29: MINOR:C-F8
./courir_couloir.c:33: MAJOR:C-F4
./courir_couloir.c:34: MAJOR:C-F4
./courir_couloir.c:34: MINOR:C-L3
./courir_couloir.c:35: MAJOR:C-F4
./courir_couloir.c:36: MAJOR:C-F4
./courir_couloir.c:37: MAJOR:C-F4
./courir_couloir.c:37: MAJOR:C-L5
./courir_couloir.c:38: MAJOR:C-F4
./courir_couloir.c:39: MAJOR:C-F4
./courir_couloir.c:40: MAJOR:C-F4
./courir_couloir.c:41: MAJOR:C-F4
./courir_couloir.c:41: MINOR:C-L3
./courir_couloir.c:42: MAJOR:C-F4
./courir_couloir.c:43: MAJOR:C-F4
./courir_couloir.c:44: MAJOR:C-F4
./courir_couloir.c:45: MAJOR:C-F3
./courir_couloir.c:45: MAJOR:C-F4
./courir_couloir.c:45: MINOR:C-F8
./courir_couloir.c:46: MAJOR:C-F4
./courir_couloir.c:47: MAJOR:C-F4
./courir_couloir.c:48: MAJOR:C-F4
./courir_couloir.c:49: MAJOR:C-F4
./courir_couloir.c:49: MINOR:C-L3
./courir_couloir.c:50: MAJOR:C-F4
./courir_couloir.c:50: MINOR:C-L3
./courir_couloir.c:51: MAJOR:C-F4
./courir_couloir.c:52: MAJOR:C-F4
./courir_couloir.c:53: MAJOR:C-F4
./courir_couloir.c:53: MINOR:C-L3
./courir_couloir.c:54: MAJOR:C-F4
./courir_couloir.c:55: MAJOR:C-F4
./courir_couloir.c:55: MINOR:C-L3
./courir_couloir.c:56: MAJOR:C-F4
./courir_couloir.c:57: MAJOR:C-F3
./courir_couloir.c:57: MAJOR:C-F4
./courir_couloir.c:58: MAJOR:C-F4
./courir_couloir.c:59: MAJOR:C-F4
./courir_couloir.c:60: MAJOR:C-F4
./courir_couloir.c:61: MAJOR:C-F4
./courir_couloir.c:62: MAJOR:C-F4
./courir_couloir.c:62: MINOR:C-L3
./courir_couloir.c:63: MAJOR:C-F4
./courir_couloir.c:64: MAJOR:C-F4
./courir_couloir.c:64: MINOR:C-L3
./courir_couloir.c:65: MAJOR:C-F4
./courir_couloir.c:66: MAJOR:C-F4
./courir_couloir.c:67: MAJOR:C-F4
./courir_couloir.c:67: MINOR:C-L2
./courir_couloir.c:68: MAJOR:C-F4
./courir_couloir.c:69: MAJOR:C-F4
./courir_couloir.c:70: MAJOR:C-F4
./courir_couloir.c:71: MAJOR:C-F4
./courir_couloir.c:72: MAJOR:C-F4
./courir_couloir.c:73: MAJOR:C-F4
./courir_couloir.c:73: MINOR:C-L6
./courir_couloir.c:74: MAJOR:C-F4
./courir_couloir.c:75: MAJOR:C-F4
./courir_couloir.c:76: MAJOR:C-F4
./courir_couloir.c:77: MAJOR:C-F4
./courir_couloir.c:77: MINOR:C-L6
./courir_couloir.c:78: MAJOR:C-F4
./courir_couloir.c:79: MAJOR:C-F4
./courir_couloir.c:80: MAJOR:C-F4
./entre_dans_le_laby.c:12: MINOR:C-L2
./entre_dans_le_laby.c:13: MINOR:C-F8
./entre_dans_le_laby.c:13: MINOR:C-L2
./entre_dans_le_laby.c:14: MINOR:C-L6
./entre_dans_le_laby.c:16: MAJOR:C-F3
./entre_dans_le_laby.c:17: MINOR:C-L3
./entre_dans_le_laby.c:19: MINOR:C-F8
./entre_dans_le_laby.c:19: MINOR:C-L2
./entre_dans_le_laby.c:23: MAJOR:C-F3
./entre_dans_le_laby.c:24: MINOR:C-L3
./entre_dans_le_laby.c:27: MAJOR:C-L5
./entre_dans_le_laby.c:29: MINOR:C-F8
./entre_dans_le_laby.c:29: MINOR:C-L2
./entre_dans_le_laby.c:30: MINOR:C-F8
./entre_dans_le_laby.c:32: MAJOR:C-F4
./entre_dans_le_laby.c:33: MAJOR:C-F4
./entre_dans_le_laby.c:34: MAJOR:C-F4
./entre_dans_le_laby.c:35: MAJOR:C-F4
./entre_dans_le_laby.c:35: MINOR:C-L3
./entre_dans_le_laby.c:36: MAJOR:C-F4
./entre_dans_le_laby.c:37: MAJOR:C-F4
./entre_dans_le_laby.c:38: MAJOR:C-F4
./entre_dans_le_laby.c:38: MAJOR:C-L5
./entre_dans_le_laby.c:39: MAJOR:C-F4
./entre_dans_le_laby.c:40: MAJOR:C-F4
./entre_dans_le_laby.c:41: MAJOR:C-F4
./entre_dans_le_laby.c:42: MAJOR:C-F4
./entre_dans_le_laby.c:42: MINOR:C-L3
./entre_dans_le_laby.c:43: MAJOR:C-F4
./entre_dans_le_laby.c:44: MAJOR:C-F4
./entre_dans_le_laby.c:45: MAJOR:C-F4
./entre_dans_le_laby.c:46: MAJOR:C-F4
./entre_dans_le_laby.c:47: MAJOR:C-F4
./entre_dans_le_laby.c:47: MINOR:C-L3
./entre_dans_le_laby.c:48: MAJOR:C-F4
./entre_dans_le_laby.c:49: MAJOR:C-F4
./entre_dans_le_laby.c:50: MAJOR:C-F4
./entre_dans_le_laby.c:50: MINOR:C-L3
./entre_dans_le_laby.c:51: MAJOR:C-F4
./entre_dans_le_laby.c:51: MINOR:C-L3
./entre_dans_le_laby.c:52: MAJOR:C-F4
./entre_dans_le_laby.c:53: MAJOR:C-F3
./entre_dans_le_laby.c:53: MAJOR:C-F4
./entre_dans_le_laby.c:54: MAJOR:C-F4
./entre_dans_le_laby.c:54: MINOR:C-L3
./entre_dans_le_laby.c:55: MAJOR:C-F4
./entre_dans_le_laby.c:56: MAJOR:C-F4
./entre_dans_le_laby.c:56: MINOR:C-L3
./entre_dans_le_laby.c:57: MAJOR:C-F4
./entre_dans_le_laby.c:58: MAJOR:C-F3
./entre_dans_le_laby.c:58: MAJOR:C-F4
./entre_dans_le_laby.c:59: MAJOR:C-F4
./entre_dans_le_laby.c:60: MAJOR:C-F4
./entre_dans_le_laby.c:61: MAJOR:C-F4
./entre_dans_le_laby.c:62: MAJOR:C-F4
./entre_dans_le_laby.c:62: MINOR:C-L3
./entre_dans_le_laby.c:63: MAJOR:C-F4
./entre_dans_le_laby.c:64: MAJOR:C-F4
./entre_dans_le_laby.c:64: MINOR:C-L3
./entre_dans_le_laby.c:65: MAJOR:C-F4
./entre_dans_le_laby.c:66: MAJOR:C-F4
./entre_dans_le_laby.c:67: MAJOR:C-F4
./entre_dans_le_laby.c:68: MAJOR:C-F4
./entre_dans_le_laby.c:69: MAJOR:C-F4
./entre_dans_le_laby.c:70: MAJOR:C-F4
./entre_dans_le_laby.c:71: MAJOR:C-F4
./entre_dans_le_laby.c:72: MAJOR:C-F4
./entre_dans_le_laby.c:73: MAJOR:C-F4
./entre_dans_le_laby.c:73: MINOR:C-L6
./entre_dans_le_laby.c:74: MAJOR:C-F4
./entre_dans_le_laby.c:75: MAJOR:C-F4
./entre_dans_le_laby.c:76: MAJOR:C-F4
./entre_dans_le_laby.c:77: MAJOR:C-F4
./entre_dans_le_laby.c:77: MINOR:C-L6
./entre_dans_le_laby.c:78: MAJOR:C-F4
./entre_dans_le_laby.c:79: MAJOR:C-F4
./entre_dans_le_laby.c:80: MAJOR:C-F4
./entre_dans_le_laby.c:81: INFO:C-A3
./events_of_animation.c:5: MINOR:C-G7
./poursuite1.c:51: MINOR:C-F8
./poursuite1.c:51: MINOR:C-L2
./poursuite1.c:52: MINOR:C-L6
./poursuite1.c:55: MINOR:C-L3
./poursuite1.c:57: MINOR:C-F8
./poursuite1.c:57: MINOR:C-L2
./poursuite1.c:61: MAJOR:C-F3
./poursuite1.c:62: MINOR:C-L3
./poursuite1.c:66: MINOR:C-F8
./poursuite1.c:66: MINOR:C-L2
./poursuite1.c:70: MAJOR:C-F4
./poursuite1.c:71: MAJOR:C-F4
./poursuite1.c:71: MINOR:C-L3
./poursuite1.c:72: MAJOR:C-F4
./poursuite1.c:73: MAJOR:C-F4
./poursuite1.c:74: MAJOR:C-F4
./poursuite1.c:75: MAJOR:C-F4
./poursuite1.c:75: MINOR:C-F8
./poursuite1.c:75: MINOR:C-L2
./poursuite1.c:76: MAJOR:C-F4
./poursuite1.c:77: MAJOR:C-F4
./poursuite1.c:78: MAJOR:C-F4
./poursuite1.c:79: MAJOR:C-F4
./poursuite1.c:80: MAJOR:C-F4
./poursuite1.c:80: MINOR:C-L3
./poursuite1.c:81: MAJOR:C-F4
./poursuite1.c:82: MAJOR:C-F4
./poursuite1.c:83: MAJOR:C-F4
./poursuite1.c:84: MAJOR:C-F4
./poursuite1.c:85: MAJOR:C-F4
./poursuite1.c:86: MAJOR:C-F4
./poursuite1.c:86: MINOR:C-L3
./poursuite1.c:87: MAJOR:C-F4
./poursuite1.c:88: MAJOR:C-F4
./poursuite1.c:89: MAJOR:C-F4
./poursuite1.c:90: MAJOR:C-F4
./poursuite1.c:91: MAJOR:C-F4
./poursuite1.c:92: MAJOR:C-F4
./poursuite1.c:92: MINOR:C-L3
./poursuite1.c:93: MAJOR:C-F4
./poursuite1.c:93: MINOR:C-L3
./poursuite1.c:94: MAJOR:C-F4
./poursuite1.c:95: MAJOR:C-F3
./poursuite1.c:95: MAJOR:C-F4
./poursuite1.c:96: MAJOR:C-F4
./poursuite1.c:96: MINOR:C-L3
./poursuite1.c:97: MAJOR:C-F4
./poursuite1.c:97: MINOR:C-L3
./poursuite1.c:98: MAJOR:C-F4
./poursuite1.c:99: MAJOR:C-F3
./poursuite1.c:99: MAJOR:C-F4
./poursuite1.c:100: MAJOR:C-F4
./poursuite1.c:100: MINOR:C-L3
./poursuite1.c:101: MAJOR:C-F4
./poursuite1.c:101: MINOR:C-L3
./poursuite1.c:102: MAJOR:C-F4
./poursuite1.c:103: MAJOR:C-F4
./poursuite1.c:104: MAJOR:C-F4
./poursuite1.c:105: MAJOR:C-F4
./poursuite1.c:106: MAJOR:C-F4
./poursuite1.c:107: MAJOR:C-F4
./poursuite1.c:108: MAJOR:C-F4
./poursuite1.c:109: MAJOR:C-F4
./poursuite1.c:110: MAJOR:C-F4
./poursuite1.c:110: MINOR:C-L6
./poursuite1.c:111: MAJOR:C-F4
./poursuite1.c:112: MAJOR:C-F4
./poursuite1.c:113: MAJOR:C-F4
./poursuite1.c:114: MAJOR:C-F4
./poursuite1.c:114: MINOR:C-L6
./poursuite1.c:115: MAJOR:C-F4
./poursuite1.c:116: MAJOR:C-F4
./poursuite1.c:117: MAJOR:C-F4
./poursuite1.c:118: MAJOR:C-F4
./poursuite1.c:118: MINOR:C-L6
./poursuite1.c:119: MAJOR:C-F4
./poursuite1.c:120: MAJOR:C-F4
./poursuite1.c:121: MAJOR:C-F4
./poursuite1.c:122: INFO:C-A3
./scenario2.c:13: MINOR:C-L2
./scenario2.c:14: MINOR:C-F8
./scenario2.c:14: MINOR:C-L2
./scenario2.c:15: MINOR:C-L6
./scenario2.c:18: MINOR:C-L3
./scenario2.c:20: MINOR:C-F8
./scenario2.c:20: MINOR:C-L2
./scenario2.c:24: MAJOR:C-F3
./scenario2.c:25: MINOR:C-L3
./scenario2.c:29: MINOR:C-F8
./scenario2.c:29: MINOR:C-L2
./scenario2.c:33: MAJOR:C-F4
./scenario2.c:34: MAJOR:C-F4
./scenario2.c:34: MINOR:C-L3
./scenario2.c:35: MAJOR:C-F4
./scenario2.c:36: MAJOR:C-F4
./scenario2.c:36: MINOR:C-L3
./scenario2.c:37: MAJOR:C-F4
./scenario2.c:38: MAJOR:C-F4
./scenario2.c:38: MINOR:C-F8
./scenario2.c:38: MINOR:C-L2
./scenario2.c:39: MAJOR:C-F4
./scenario2.c:40: MAJOR:C-F4
./scenario2.c:41: MAJOR:C-F4
./scenario2.c:42: MAJOR:C-F4
./scenario2.c:43: MAJOR:C-F4
./scenario2.c:43: MINOR:C-L3
./scenario2.c:44: MAJOR:C-F4
./scenario2.c:45: MAJOR:C-F4
./scenario2.c:46: MAJOR:C-F4
./scenario2.c:47: MAJOR:C-F4
./scenario2.c:48: MAJOR:C-F4
./scenario2.c:49: MAJOR:C-F4
./scenario2.c:49: MINOR:C-L3
./scenario2.c:50: MAJOR:C-F4
./scenario2.c:51: MAJOR:C-F4
./scenario2.c:52: MAJOR:C-F4
./scenario2.c:53: MAJOR:C-F4
./scenario2.c:54: MAJOR:C-F4
./scenario2.c:55: MAJOR:C-F4
./scenario2.c:55: MINOR:C-L3
./scenario2.c:56: MAJOR:C-F4
./scenario2.c:56: MINOR:C-L3
./scenario2.c:57: MAJOR:C-F4
./scenario2.c:58: MAJOR:C-F3
./scenario2.c:58: MAJOR:C-F4
./scenario2.c:59: MAJOR:C-F4
./scenario2.c:59: MINOR:C-L3
./scenario2.c:60: MAJOR:C-F4
./scenario2.c:60: MINOR:C-L3
./scenario2.c:61: MAJOR:C-F4
./scenario2.c:62: MAJOR:C-F4
./scenario2.c:63: MAJOR:C-F4
./scenario2.c:64: MAJOR:C-F4
./scenario2.c:65: MAJOR:C-F4
./scenario2.c:66: MAJOR:C-F4
./scenario2.c:67: MAJOR:C-F4
./scenario2.c:68: MAJOR:C-F4
./scenario2.c:69: MAJOR:C-F4
./scenario2.c:69: MINOR:C-L6
./scenario2.c:70: MAJOR:C-F4
./scenario2.c:71: MAJOR:C-F4
./scenario2.c:72: MAJOR:C-F4
./scenario2.c:73: MAJOR:C-F4
./scenario2.c:73: MINOR:C-L6
./scenario2.c:74: MAJOR:C-F4
./scenario2.c:75: MAJOR:C-F4
./scenario2.c:76: MAJOR:C-F4
./scenario2.c:77: MAJOR:C-F4
./scenario2.c:77: MINOR:C-L6
./scenario2.c:78: MAJOR:C-F4
./scenario2.c:79: MAJOR:C-F4
./scenario2.c:80: MAJOR:C-F4
./scenario2.c:80: MINOR:C-G7
./scenario2.c:81: INFO:C-A3
./scenario_1.c:10: MAJOR:C-F3
./scenario_1.c:33: MAJOR:C-F3
./scenario_1.c:33: MINOR:C-G2
./scenario_1.c:46: MINOR:C-G2
./scenario_1.c:59: MINOR:C-G2
./scenario_1.c:62: MINOR:C-L6
./scenario_1.c:63: MINOR:C-F8
./scenario_1.c:63: MINOR:C-L2
./scenario_1.c:66: MINOR:C-L3
./scenario_1.c:68: MINOR:C-F8
./scenario_1.c:69: MINOR:C-L2
./scenario_1.c:72: MAJOR:C-F3
./scenario_1.c:73: MINOR:C-L3
./scenario_1.c:77: MINOR:C-F8
./scenario_1.c:80: MINOR:C-L3
./scenario_1.c:81: MAJOR:C-F4
./scenario_1.c:82: MAJOR:C-F4
./scenario_1.c:83: MAJOR:C-F4
./scenario_1.c:83: MINOR:C-F8
./scenario_1.c:84: MAJOR:C-F4
./scenario_1.c:85: MAJOR:C-F4
./scenario_1.c:86: MAJOR:C-F4
./scenario_1.c:86: MINOR:C-L3
./scenario_1.c:87: MAJOR:C-F4
./scenario_1.c:88: MAJOR:C-F4
./scenario_1.c:89: MAJOR:C-F4
./scenario_1.c:89: MINOR:C-F8
./scenario_1.c:90: MAJOR:C-F4
./scenario_1.c:91: MAJOR:C-F4
./scenario_1.c:92: MAJOR:C-F4
./scenario_1.c:93: MAJOR:C-F4
./scenario_1.c:94: MAJOR:C-F4
./scenario_1.c:94: MINOR:C-L3
./scenario_1.c:95: MAJOR:C-F4
./scenario_1.c:96: MAJOR:C-F4
./scenario_1.c:97: MAJOR:C-F4
./scenario_1.c:98: MAJOR:C-F4
./scenario_1.c:98: MINOR:C-F8
./scenario_1.c:99: MAJOR:C-F4
./scenario_1.c:100: MAJOR:C-F4
./scenario_1.c:101: MAJOR:C-F4
./scenario_1.c:102: MAJOR:C-F4
./scenario_1.c:102: MINOR:C-L3
./scenario_1.c:103: MAJOR:C-F4
./scenario_1.c:104: MAJOR:C-F4
./scenario_1.c:105: MAJOR:C-F4
./scenario_1.c:106: MAJOR:C-F4
./scenario_1.c:107: MAJOR:C-F4
./scenario_1.c:108: MAJOR:C-F4
./scenario_1.c:108: MINOR:C-L3
./scenario_1.c:109: MAJOR:C-F4
./scenario_1.c:109: MINOR:C-L3
./scenario_1.c:110: MAJOR:C-F4
./scenario_1.c:111: MAJOR:C-F4
./scenario_1.c:112: MAJOR:C-F4
./scenario_1.c:113: MAJOR:C-F4
./scenario_1.c:114: MAJOR:C-F4
./scenario_1.c:115: MAJOR:C-F4
./scenario_1.c:115: MINOR:C-L3
./scenario_1.c:116: MAJOR:C-F4
./scenario_1.c:117: MAJOR:C-F3
./scenario_1.c:117: MAJOR:C-F4
./scenario_1.c:118: MAJOR:C-F4
./scenario_1.c:118: MINOR:C-L3
./scenario_1.c:119: MAJOR:C-F4
./scenario_1.c:120: MAJOR:C-F3
./scenario_1.c:120: MAJOR:C-F4
./scenario_1.c:121: MAJOR:C-C1
./scenario_1.c:121: MAJOR:C-F3
./scenario_1.c:121: MAJOR:C-F4
./scenario_1.c:122: MAJOR:C-F4
./scenario_1.c:122: MINOR:C-L3
./scenario_1.c:123: MAJOR:C-F3
./scenario_1.c:123: MAJOR:C-F4
./scenario_1.c:124: MAJOR:C-F4
./scenario_1.c:124: MINOR:C-L3
./scenario_1.c:125: MAJOR:C-F4
./scenario_1.c:126: MAJOR:C-C1
./scenario_1.c:126: MAJOR:C-F3
./scenario_1.c:126: MAJOR:C-F4
./scenario_1.c:127: MAJOR:C-F4
./scenario_1.c:128: MAJOR:C-F4
./scenario_1.c:128: MINOR:C-L3
./scenario_1.c:129: MAJOR:C-F4
./scenario_1.c:130: MAJOR:C-F4
./scenario_1.c:131: MAJOR:C-F3
./scenario_1.c:131: MAJOR:C-F4
./scenario_1.c:132: MAJOR:C-F4
./scenario_1.c:133: MAJOR:C-F4
./scenario_1.c:133: MINOR:C-L3
./scenario_1.c:134: MAJOR:C-F4
./scenario_1.c:134: MINOR:C-L3
./scenario_1.c:135: MAJOR:C-F4
./scenario_1.c:135: MINOR:C-L3
./scenario_1.c:136: MAJOR:C-F4
./scenario_1.c:136: MINOR:C-L3
./scenario_1.c:137: MAJOR:C-F4
./scenario_1.c:137: MINOR:C-L3
./scenario_1.c:138: MAJOR:C-F4
./scenario_1.c:139: MAJOR:C-F4
./scenario_1.c:140: MAJOR:C-F4
./scenario_1.c:141: MAJOR:C-F4
./scenario_1.c:142: MAJOR:C-F4
./scenario_1.c:143: MAJOR:C-F4
./scenario_1.c:144: MAJOR:C-F4
./scenario_1.c:145: MAJOR:C-F4
./scenario_1.c:145: MINOR:C-L6
./scenario_1.c:146: MAJOR:C-F4
./scenario_1.c:147: MAJOR:C-F4
./scenario_1.c:148: MAJOR:C-F4
./scenario_1.c:148: MINOR:C-G7
./scenario_1.c:148: MINOR:C-L6
./scenario_1.c:149: MAJOR:C-F4
./scenario_1.c:150: MAJOR:C-F4
./scenario_1.c:151: MAJOR:C-F4
./scenario_1.c:151: MINOR:C-L6
./scenario_1.c:152: MAJOR:C-F4
./scenario_1.c:153: MAJOR:C-F4
./scenario_1.c:154: MAJOR:C-F4
./scenario_1.c:154: MINOR:C-G7
./scenario_1.c:154: MINOR:C-L6
./scenario_1.c:155: MAJOR:C-F4
./scenario_1.c:156: MAJOR:C-F4
./scenario_1.c:157: MAJOR:C-F4
./scenario_1.c:157: MINOR:C-L6
./scenario_1.c:158: MAJOR:C-F4
./scenario_1.c:159: MAJOR:C-F4
./scenario_1.c:160: MAJOR:C-F4
./scenario_1.c:162: MAJOR:C-F3
